<?xml version="1.0" encoding="UTF-8"?>
<testsuite xmlns:xsi="http://www.w3.org/2001/XMLSchema-instance" xsi:noNamespaceSchemaLocation="https://maven.apache.org/surefire/maven-surefire-plugin/xsd/surefire-test-report-3.0.xsd" version="3.0" name="com.safeai.neo4jplugin.BlockchainModuleTest" time="0.012" tests="2" errors="0" skipped="0" failures="0">
  <properties>
    <property name="java.specification.version" value="23"/>
    <property name="sun.jnu.encoding" value="UTF-8"/>
    <property name="java.class.path" value="/Users/richardgillespie/Documents/cursor/safeAI/safeAI-plugin/target/test-classes:/Users/richardgillespie/Documents/cursor/safeAI/safeAI-plugin/target/classes:/Users/richardgillespie/.m2/repository/org/neo4j/neo4j/5.9.0/neo4j-5.9.0.jar:/Users/richardgillespie/.m2/repository/org/neo4j/annotations/5.9.0/annotations-5.9.0.jar:/Users/richardgillespie/.m2/repository/org/apache/commons/commons-lang3/3.12.0/commons-lang3-3.12.0.jar:/Users/richardgillespie/.m2/repository/org/neo4j/neo4j-fabric/5.9.0/neo4j-fabric-5.9.0.jar:/Users/richardgillespie/.m2/repository/org/neo4j/neo4j-front-end/5.9.0/neo4j-front-end-5.9.0.jar:/Users/richardgillespie/.m2/repository/org/neo4j/neo4j-expressions/5.9.0/neo4j-expressions-5.9.0.jar:/Users/richardgillespie/.m2/repository/org/neo4j/neo4j-cypher-macros/5.9.0/neo4j-cypher-macros-5.9.0.jar:/Users/richardgillespie/.m2/repository/org/scala-lang/scala-reflect/2.13.10/scala-reflect-2.13.10.jar:/Users/richardgillespie/.m2/repository/org/neo4j/neo4j-query-router/5.9.0/neo4j-query-router-5.9.0.jar:/Users/richardgillespie/.m2/repository/org/neo4j/neo4j-procedure/5.9.0/neo4j-procedure-5.9.0.jar:/Users/richardgillespie/.m2/repository/org/neo4j/neo4j-codegen/5.9.0/neo4j-codegen-5.9.0.jar:/Users/richardgillespie/.m2/repository/org/ow2/asm/asm/9.5/asm-9.5.jar:/Users/richardgillespie/.m2/repository/org/ow2/asm/asm-util/9.5/asm-util-9.5.jar:/Users/richardgillespie/.m2/repository/org/ow2/asm/asm-analysis/9.5/asm-analysis-9.5.jar:/Users/richardgillespie/.m2/repository/org/ow2/asm/asm-tree/9.5/asm-tree-9.5.jar:/Users/richardgillespie/.m2/repository/org/neo4j/neo4j-cypher-expression-evaluator/5.9.0/neo4j-cypher-expression-evaluator-5.9.0.jar:/Users/richardgillespie/.m2/repository/org/neo4j/neo4j-ast/5.9.0/neo4j-ast-5.9.0.jar:/Users/richardgillespie/.m2/repository/org/neo4j/neo4j-cypher-ast-factory/5.9.0/neo4j-cypher-ast-factory-5.9.0.jar:/Users/richardgillespie/.m2/repository/org/neo4j/cypher-ast-factory/5.9.0/cypher-ast-factory-5.9.0.jar:/Users/richardgillespie/.m2/repository/org/neo4j/neo4j-lucene-index/5.9.0/neo4j-lucene-index-5.9.0.jar:/Users/richardgillespie/.m2/repository/org/neo4j/neo4j-resource/5.9.0/neo4j-resource-5.9.0.jar:/Users/richardgillespie/.m2/repository/org/apache/lucene/lucene-analysis-common/9.6.0/lucene-analysis-common-9.6.0.jar:/Users/richardgillespie/.m2/repository/org/apache/lucene/lucene-core/9.6.0/lucene-core-9.6.0.jar:/Users/richardgillespie/.m2/repository/org/apache/lucene/lucene-queryparser/9.6.0/lucene-queryparser-9.6.0.jar:/Users/richardgillespie/.m2/repository/org/apache/lucene/lucene-backward-codecs/9.6.0/lucene-backward-codecs-9.6.0.jar:/Users/richardgillespie/.m2/repository/org/neo4j/neo4j-fulltext-index/5.9.0/neo4j-fulltext-index-5.9.0.jar:/Users/richardgillespie/.m2/repository/org/neo4j/neo4j-graph-algo/5.9.0/neo4j-graph-algo-5.9.0.jar:/Users/richardgillespie/.m2/repository/org/neo4j/neo4j-cypher-runtime-util/5.9.0/neo4j-cypher-runtime-util-5.9.0.jar:/Users/richardgillespie/.m2/repository/org/neo4j/neo4j-cypher-logical-plans/5.9.0/neo4j-cypher-logical-plans-5.9.0.jar:/Users/richardgillespie/.m2/repository/org/neo4j/neo4j-data-collector/5.9.0/neo4j-data-collector-5.9.0.jar:/Users/richardgillespie/.m2/repository/org/neo4j/neo4j-cypher-planner/5.9.0/neo4j-cypher-planner-5.9.0.jar:/Users/richardgillespie/.m2/repository/org/apache/commons/commons-math3/3.6.1/commons-math3-3.6.1.jar:/Users/richardgillespie/.m2/repository/org/scala-lang/modules/scala-collection-contrib_2.13/0.3.0/scala-collection-contrib_2.13-0.3.0.jar:/Users/richardgillespie/.m2/repository/org/neo4j/neo4j-cypher-ir/5.9.0/neo4j-cypher-ir-5.9.0.jar:/Users/richardgillespie/.m2/repository/org/neo4j/neo4j-cypher-javacc-parser/5.9.0/neo4j-cypher-javacc-parser-5.9.0.jar:/Users/richardgillespie/.m2/repository/org/neo4j/neo4j-rewriting/5.9.0/neo4j-rewriting-5.9.0.jar:/Users/richardgillespie/.m2/repository/org/neo4j/neo4j-cypher/5.9.0/neo4j-cypher-5.9.0.jar:/Users/richardgillespie/.m2/repository/org/scala-lang/scala-library/2.13.10/scala-library-2.13.10.jar:/Users/richardgillespie/.m2/repository/org/neo4j/neo4j-cypher-physical-planning/5.9.0/neo4j-cypher-physical-planning-5.9.0.jar:/Users/richardgillespie/.m2/repository/org/neo4j/neo4j-exceptions/5.9.0/neo4j-exceptions-5.9.0.jar:/Users/richardgillespie/.m2/repository/org/neo4j/neo4j-util/5.9.0/neo4j-util-5.9.0.jar:/Users/richardgillespie/.m2/repository/org/neo4j/neo4j-cypher-config/5.9.0/neo4j-cypher-config-5.9.0.jar:/Users/richardgillespie/.m2/repository/com/propensive/magnolia_2.13/0.17.0/magnolia_2.13-0.17.0.jar:/Users/richardgillespie/.m2/repository/com/propensive/mercator_2.13/0.2.1/mercator_2.13-0.2.1.jar:/Users/richardgillespie/.m2/repository/org/neo4j/neo4j-cypher-cache/5.9.0/neo4j-cypher-cache-5.9.0.jar:/Users/richardgillespie/.m2/repository/org/neo4j/neo4j-cypher-planner-spi/5.9.0/neo4j-cypher-planner-spi-5.9.0.jar:/Users/richardgillespie/.m2/repository/org/neo4j/neo4j-cypher-interpreted-runtime/5.9.0/neo4j-cypher-interpreted-runtime-5.9.0.jar:/Users/richardgillespie/.m2/repository/org/neo4j/neo4j-cypher-slotted-runtime/5.9.0/neo4j-cypher-slotted-runtime-5.9.0.jar:/Users/richardgillespie/.m2/repository/org/apache/shiro/shiro-core/1.11.0/shiro-core-1.11.0.jar:/Users/richardgillespie/.m2/repository/org/apache/shiro/shiro-lang/1.11.0/shiro-lang-1.11.0.jar:/Users/richardgillespie/.m2/repository/org/apache/shiro/shiro-cache/1.11.0/shiro-cache-1.11.0.jar:/Users/richardgillespie/.m2/repository/org/apache/shiro/shiro-crypto-hash/1.11.0/shiro-crypto-hash-1.11.0.jar:/Users/richardgillespie/.m2/repository/org/apache/shiro/shiro-crypto-core/1.11.0/shiro-crypto-core-1.11.0.jar:/Users/richardgillespie/.m2/repository/org/apache/shiro/shiro-crypto-cipher/1.11.0/shiro-crypto-cipher-1.11.0.jar:/Users/richardgillespie/.m2/repository/org/apache/shiro/shiro-config-core/1.11.0/shiro-config-core-1.11.0.jar:/Users/richardgillespie/.m2/repository/org/apache/shiro/shiro-config-ogdl/1.11.0/shiro-config-ogdl-1.11.0.jar:/Users/richardgillespie/.m2/repository/commons-beanutils/commons-beanutils/1.9.4/commons-beanutils-1.9.4.jar:/Users/richardgillespie/.m2/repository/commons-collections/commons-collections/3.2.2/commons-collections-3.2.2.jar:/Users/richardgillespie/.m2/repository/org/apache/shiro/shiro-event/1.11.0/shiro-event-1.11.0.jar:/Users/richardgillespie/.m2/repository/org/bitbucket/inkytonik/kiama/kiama_2.13/2.5.0/kiama_2.13-2.5.0.jar:/Users/richardgillespie/.m2/repository/org/neo4j/neo4j-security/5.9.0/neo4j-security-5.9.0.jar:/Users/richardgillespie/.m2/repository/org/neo4j/neo4j-command-line/5.9.0/neo4j-command-line-5.9.0.jar:/Users/richardgillespie/.m2/repository/info/picocli/picocli/4.7.3/picocli-4.7.3.jar:/Users/richardgillespie/.m2/repository/org/slf4j/slf4j-nop/2.0.7/slf4j-nop-2.0.7.jar:/Users/richardgillespie/.m2/repository/org/neo4j/neo4j-bolt/5.9.0/neo4j-bolt-5.9.0.jar:/Users/richardgillespie/.m2/repository/org/neo4j/neo4j-ssl/5.9.0/neo4j-ssl-5.9.0.jar:/Users/richardgillespie/.m2/repository/org/neo4j/server-api/5.9.0/server-api-5.9.0.jar:/Users/richardgillespie/.m2/repository/jakarta/ws/rs/jakarta.ws.rs-api/2.1.6/jakarta.ws.rs-api-2.1.6.jar:/Users/richardgillespie/.m2/repository/io/netty/netty-codec-http/4.1.92.Final/netty-codec-http-4.1.92.Final.jar:/Users/richardgillespie/.m2/repository/io/netty/netty-transport-native-epoll/4.1.92.Final/netty-transport-native-epoll-4.1.92.Final-linux-x86_64.jar:/Users/richardgillespie/.m2/repository/io/netty/netty-transport-classes-epoll/4.1.92.Final/netty-transport-classes-epoll-4.1.92.Final.jar:/Users/richardgillespie/.m2/repository/io/netty/netty-transport-native-epoll/4.1.92.Final/netty-transport-native-epoll-4.1.92.Final-linux-aarch_64.jar:/Users/richardgillespie/.m2/repository/io/netty/netty-transport-native-kqueue/4.1.92.Final/netty-transport-native-kqueue-4.1.92.Final-osx-x86_64.jar:/Users/richardgillespie/.m2/repository/io/netty/netty-transport-classes-kqueue/4.1.92.Final/netty-transport-classes-kqueue-4.1.92.Final.jar:/Users/richardgillespie/.m2/repository/io/netty/netty-transport-native-kqueue/4.1.92.Final/netty-transport-native-kqueue-4.1.92.Final-osx-aarch_64.jar:/Users/richardgillespie/.m2/repository/org/neo4j/neo4j-consistency-check/5.9.0/neo4j-consistency-check-5.9.0.jar:/Users/richardgillespie/.m2/repository/org/neo4j/neo4j-record-storage-engine/5.9.0/neo4j-record-storage-engine-5.9.0.jar:/Users/richardgillespie/.m2/repository/commons-io/commons-io/2.11.0/commons-io-2.11.0.jar:/Users/richardgillespie/.m2/repository/org/neo4j/neo4j-dbms/5.9.0/neo4j-dbms-5.9.0.jar:/Users/richardgillespie/.m2/repository/org/jprocesses/jProcesses/1.6.5/jProcesses-1.6.5.jar:/Users/richardgillespie/.m2/repository/com/profesorfalken/WMI4Java/1.6.3/WMI4Java-1.6.3.jar:/Users/richardgillespie/.m2/repository/com/profesorfalken/jPowerShell/3.0/jPowerShell-3.0.jar:/Users/richardgillespie/.m2/repository/org/apache/commons/commons-compress/1.23.0/commons-compress-1.23.0.jar:/Users/richardgillespie/.m2/repository/org/apache/commons/commons-text/1.10.0/commons-text-1.10.0.jar:/Users/richardgillespie/.m2/repository/org/apache/commons/commons-configuration2/2.9.0/commons-configuration2-2.9.0.jar:/Users/richardgillespie/.m2/repository/org/neo4j/licensing-proxy/zstd-proxy/5.9.0/zstd-proxy-5.9.0.jar:/Users/richardgillespie/.m2/repository/com/github/luben/zstd-jni/1.5.5-2/zstd-jni-1.5.5-2.jar:/Users/richardgillespie/.m2/repository/org/neo4j/neo4j-import-tool/5.9.0/neo4j-import-tool-5.9.0.jar:/Users/richardgillespie/.m2/repository/org/neo4j/app/neo4j-server/5.9.0/neo4j-server-5.9.0.jar:/Users/richardgillespie/.m2/repository/org/eclipse/jetty/jetty-server/9.4.51.v20230217/jetty-server-9.4.51.v20230217.jar:/Users/richardgillespie/.m2/repository/javax/servlet/javax.servlet-api/3.1.0/javax.servlet-api-3.1.0.jar:/Users/richardgillespie/.m2/repository/org/eclipse/jetty/jetty-http/9.4.51.v20230217/jetty-http-9.4.51.v20230217.jar:/Users/richardgillespie/.m2/repository/org/eclipse/jetty/jetty-util/9.4.51.v20230217/jetty-util-9.4.51.v20230217.jar:/Users/richardgillespie/.m2/repository/org/eclipse/jetty/jetty-io/9.4.51.v20230217/jetty-io-9.4.51.v20230217.jar:/Users/richardgillespie/.m2/repository/org/eclipse/jetty/jetty-webapp/9.4.51.v20230217/jetty-webapp-9.4.51.v20230217.jar:/Users/richardgillespie/.m2/repository/org/eclipse/jetty/jetty-xml/9.4.51.v20230217/jetty-xml-9.4.51.v20230217.jar:/Users/richardgillespie/.m2/repository/org/eclipse/jetty/jetty-servlet/9.4.51.v20230217/jetty-servlet-9.4.51.v20230217.jar:/Users/richardgillespie/.m2/repository/org/eclipse/jetty/jetty-security/9.4.51.v20230217/jetty-security-9.4.51.v20230217.jar:/Users/richardgillespie/.m2/repository/org/eclipse/jetty/jetty-util-ajax/9.4.51.v20230217/jetty-util-ajax-9.4.51.v20230217.jar:/Users/richardgillespie/.m2/repository/org/glassfish/jersey/inject/jersey-hk2/2.34/jersey-hk2-2.34.jar:/Users/richardgillespie/.m2/repository/org/glassfish/jersey/core/jersey-common/2.34/jersey-common-2.34.jar:/Users/richardgillespie/.m2/repository/jakarta/annotation/jakarta.annotation-api/1.3.5/jakarta.annotation-api-1.3.5.jar:/Users/richardgillespie/.m2/repository/org/glassfish/hk2/external/jakarta.inject/2.6.1/jakarta.inject-2.6.1.jar:/Users/richardgillespie/.m2/repository/org/glassfish/hk2/hk2-locator/2.6.1/hk2-locator-2.6.1.jar:/Users/richardgillespie/.m2/repository/org/glassfish/hk2/hk2-api/2.6.1/hk2-api-2.6.1.jar:/Users/richardgillespie/.m2/repository/org/glassfish/hk2/hk2-utils/2.6.1/hk2-utils-2.6.1.jar:/Users/richardgillespie/.m2/repository/org/glassfish/jersey/containers/jersey-container-servlet/2.34/jersey-container-servlet-2.34.jar:/Users/richardgillespie/.m2/repository/org/glassfish/jersey/containers/jersey-container-servlet-core/2.34/jersey-container-servlet-core-2.34.jar:/Users/richardgillespie/.m2/repository/org/glassfish/jersey/core/jersey-server/2.34/jersey-server-2.34.jar:/Users/richardgillespie/.m2/repository/org/glassfish/jersey/core/jersey-client/2.34/jersey-client-2.34.jar:/Users/richardgillespie/.m2/repository/jakarta/validation/jakarta.validation-api/2.0.2/jakarta.validation-api-2.0.2.jar:/Users/richardgillespie/.m2/repository/commons-logging/commons-logging/1.2/commons-logging-1.2.jar:/Users/richardgillespie/.m2/repository/com/fasterxml/jackson/core/jackson-core/2.15.0/jackson-core-2.15.0.jar:/Users/richardgillespie/.m2/repository/com/fasterxml/jackson/jaxrs/jackson-jaxrs-json-provider/2.15.0/jackson-jaxrs-json-provider-2.15.0.jar:/Users/richardgillespie/.m2/repository/com/fasterxml/jackson/jaxrs/jackson-jaxrs-base/2.15.0/jackson-jaxrs-base-2.15.0.jar:/Users/richardgillespie/.m2/repository/com/fasterxml/jackson/module/jackson-module-jaxb-annotations/2.15.0/jackson-module-jaxb-annotations-2.15.0.jar:/Users/richardgillespie/.m2/repository/org/glassfish/jaxb/jaxb-runtime/2.3.2/jaxb-runtime-2.3.2.jar:/Users/richardgillespie/.m2/repository/org/glassfish/jaxb/txw2/2.3.2/txw2-2.3.2.jar:/Users/richardgillespie/.m2/repository/com/sun/istack/istack-commons-runtime/3.0.8/istack-commons-runtime-3.0.8.jar:/Users/richardgillespie/.m2/repository/org/jvnet/staxex/stax-ex/1.8.1/stax-ex-1.8.1.jar:/Users/richardgillespie/.m2/repository/com/sun/xml/fastinfoset/FastInfoset/1.2.16/FastInfoset-1.2.16.jar:/Users/richardgillespie/.m2/repository/jakarta/activation/jakarta.activation-api/1.2.1/jakarta.activation-api-1.2.1.jar:/Users/richardgillespie/.m2/repository/jakarta/xml/bind/jakarta.xml.bind-api/2.3.2/jakarta.xml.bind-api-2.3.2.jar:/Users/richardgillespie/.m2/repository/org/neo4j/neo4j-capabilities/5.9.0/neo4j-capabilities-5.9.0.jar:/Users/richardgillespie/.m2/repository/org/neo4j/neo4j-kernel/5.9.0/neo4j-kernel-5.9.0.jar:/Users/richardgillespie/.m2/repository/org/neo4j/neo4j-native/5.9.0/neo4j-native-5.9.0.jar:/Users/richardgillespie/.m2/repository/net/java/dev/jna/jna/5.13.0/jna-5.13.0.jar:/Users/richardgillespie/.m2/repository/org/neo4j/neo4j-graphdb-api/5.9.0/neo4j-graphdb-api-5.9.0.jar:/Users/richardgillespie/.m2/repository/org/neo4j/neo4j-kernel-api/5.9.0/neo4j-kernel-api-5.9.0.jar:/Users/richardgillespie/.m2/repository/org/neo4j/neo4j-monitoring/5.9.0/neo4j-monitoring-5.9.0.jar:/Users/richardgillespie/.m2/repository/org/neo4j/neo4j-diagnostics/5.9.0/neo4j-diagnostics-5.9.0.jar:/Users/richardgillespie/.m2/repository/org/neo4j/neo4j-schema/5.9.0/neo4j-schema-5.9.0.jar:/Users/richardgillespie/.m2/repository/org/neo4j/neo4j-lock/5.9.0/neo4j-lock-5.9.0.jar:/Users/richardgillespie/.m2/repository/org/neo4j/neo4j-token-api/5.9.0/neo4j-token-api-5.9.0.jar:/Users/richardgillespie/.m2/repository/org/neo4j/neo4j-storage-engine-util/5.9.0/neo4j-storage-engine-util-5.9.0.jar:/Users/richardgillespie/.m2/repository/org/neo4j/neo4j-common/5.9.0/neo4j-common-5.9.0.jar:/Users/richardgillespie/.m2/repository/org/lz4/lz4-java/1.8.0/lz4-java-1.8.0.jar:/Users/richardgillespie/.m2/repository/org/neo4j/neo4j-values/5.9.0/neo4j-values-5.9.0.jar:/Users/richardgillespie/.m2/repository/org/neo4j/neo4j-unsafe/5.9.0/neo4j-unsafe-5.9.0.jar:/Users/richardgillespie/.m2/repository/org/neo4j/neo4j-collections/5.9.0/neo4j-collections-5.9.0.jar:/Users/richardgillespie/.m2/repository/com/github/ben-manes/caffeine/caffeine/3.1.6/caffeine-3.1.6.jar:/Users/richardgillespie/.m2/repository/org/neo4j/neo4j-io/5.9.0/neo4j-io-5.9.0.jar:/Users/richardgillespie/.m2/repository/org/neo4j/neo4j-concurrent/5.9.0/neo4j-concurrent-5.9.0.jar:/Users/richardgillespie/.m2/repository/org/neo4j/neo4j-logging/5.9.0/neo4j-logging-5.9.0.jar:/Users/richardgillespie/.m2/repository/org/codehaus/jettison/jettison/1.5.4/jettison-1.5.4.jar:/Users/richardgillespie/.m2/repository/org/apache/logging/log4j/log4j-layout-template-json/2.20.0/log4j-layout-template-json-2.20.0.jar:/Users/richardgillespie/.m2/repository/org/neo4j/neo4j-configuration/5.9.0/neo4j-configuration-5.9.0.jar:/Users/richardgillespie/.m2/repository/com/github/seancfoley/ipaddress/5.4.0/ipaddress-5.4.0.jar:/Users/richardgillespie/.m2/repository/org/neo4j/neo4j-layout/5.9.0/neo4j-layout-5.9.0.jar:/Users/richardgillespie/.m2/repository/org/neo4j/neo4j-index/5.9.0/neo4j-index-5.9.0.jar:/Users/richardgillespie/.m2/repository/org/neo4j/neo4j-spatial-index/5.9.0/neo4j-spatial-index-5.9.0.jar:/Users/richardgillespie/.m2/repository/org/neo4j/neo4j-id-generator/5.9.0/neo4j-id-generator-5.9.0.jar:/Users/richardgillespie/.m2/repository/org/neo4j/neo4j-wal/5.9.0/neo4j-wal-5.9.0.jar:/Users/richardgillespie/.m2/repository/org/neo4j/neo4j-import-util/5.9.0/neo4j-import-util-5.9.0.jar:/Users/richardgillespie/.m2/repository/org/neo4j/neo4j-csv/5.9.0/neo4j-csv-5.9.0.jar:/Users/richardgillespie/.m2/repository/org/eclipse/collections/eclipse-collections/11.1.0/eclipse-collections-11.1.0.jar:/Users/richardgillespie/.m2/repository/org/eclipse/collections/eclipse-collections-api/11.1.0/eclipse-collections-api-11.1.0.jar:/Users/richardgillespie/.m2/repository/org/jctools/jctools-core/4.0.1/jctools-core-4.0.1.jar:/Users/richardgillespie/.m2/repository/org/neo4j/neo4j-procedure-api/5.9.0/neo4j-procedure-api-5.9.0.jar:/Users/richardgillespie/.m2/repository/org/neo4j/driver/neo4j-java-driver/5.9.0/neo4j-java-driver-5.9.0.jar:/Users/richardgillespie/.m2/repository/org/reactivestreams/reactive-streams/1.0.4/reactive-streams-1.0.4.jar:/Users/richardgillespie/.m2/repository/io/netty/netty-handler/4.1.93.Final/netty-handler-4.1.93.Final.jar:/Users/richardgillespie/.m2/repository/io/netty/netty-common/4.1.93.Final/netty-common-4.1.93.Final.jar:/Users/richardgillespie/.m2/repository/io/netty/netty-resolver/4.1.93.Final/netty-resolver-4.1.93.Final.jar:/Users/richardgillespie/.m2/repository/io/netty/netty-buffer/4.1.93.Final/netty-buffer-4.1.93.Final.jar:/Users/richardgillespie/.m2/repository/io/netty/netty-transport/4.1.93.Final/netty-transport-4.1.93.Final.jar:/Users/richardgillespie/.m2/repository/io/netty/netty-transport-native-unix-common/4.1.93.Final/netty-transport-native-unix-common-4.1.93.Final.jar:/Users/richardgillespie/.m2/repository/io/netty/netty-codec/4.1.93.Final/netty-codec-4.1.93.Final.jar:/Users/richardgillespie/.m2/repository/io/netty/netty-tcnative-classes/2.0.61.Final/netty-tcnative-classes-2.0.61.Final.jar:/Users/richardgillespie/.m2/repository/io/projectreactor/reactor-core/3.5.6/reactor-core-3.5.6.jar:/Users/richardgillespie/.m2/repository/org/apache/logging/log4j/log4j-api/2.17.1/log4j-api-2.17.1.jar:/Users/richardgillespie/.m2/repository/org/apache/logging/log4j/log4j-core/2.17.1/log4j-core-2.17.1.jar:/Users/richardgillespie/.m2/repository/org/slf4j/slf4j-api/1.7.36/slf4j-api-1.7.36.jar:/Users/richardgillespie/.m2/repository/org/bouncycastle/bcprov-jdk15on/1.68/bcprov-jdk15on-1.68.jar:/Users/richardgillespie/.m2/repository/org/web3j/core/4.9.0/core-4.9.0.jar:/Users/richardgillespie/.m2/repository/org/web3j/abi/4.9.0/abi-4.9.0.jar:/Users/richardgillespie/.m2/repository/org/web3j/utils/4.9.0/utils-4.9.0.jar:/Users/richardgillespie/.m2/repository/org/web3j/crypto/4.9.0/crypto-4.9.0.jar:/Users/richardgillespie/.m2/repository/org/web3j/rlp/4.9.0/rlp-4.9.0.jar:/Users/richardgillespie/.m2/repository/org/web3j/tuples/4.9.0/tuples-4.9.0.jar:/Users/richardgillespie/.m2/repository/com/github/jnr/jnr-unixsocket/0.38.17/jnr-unixsocket-0.38.17.jar:/Users/richardgillespie/.m2/repository/com/github/jnr/jnr-ffi/2.2.11/jnr-ffi-2.2.11.jar:/Users/richardgillespie/.m2/repository/com/github/jnr/jffi/1.3.9/jffi-1.3.9.jar:/Users/richardgillespie/.m2/repository/com/github/jnr/jffi/1.3.9/jffi-1.3.9-native.jar:/Users/richardgillespie/.m2/repository/org/ow2/asm/asm-commons/9.2/asm-commons-9.2.jar:/Users/richardgillespie/.m2/repository/com/github/jnr/jnr-a64asm/1.0.0/jnr-a64asm-1.0.0.jar:/Users/richardgillespie/.m2/repository/com/github/jnr/jnr-x86asm/1.0.2/jnr-x86asm-1.0.2.jar:/Users/richardgillespie/.m2/repository/com/github/jnr/jnr-constants/0.10.3/jnr-constants-0.10.3.jar:/Users/richardgillespie/.m2/repository/com/github/jnr/jnr-enxio/0.32.13/jnr-enxio-0.32.13.jar:/Users/richardgillespie/.m2/repository/com/github/jnr/jnr-posix/3.1.15/jnr-posix-3.1.15.jar:/Users/richardgillespie/.m2/repository/com/squareup/okhttp3/okhttp/4.9.0/okhttp-4.9.0.jar:/Users/richardgillespie/.m2/repository/com/squareup/okio/okio/2.8.0/okio-2.8.0.jar:/Users/richardgillespie/.m2/repository/org/jetbrains/kotlin/kotlin-stdlib-common/1.4.0/kotlin-stdlib-common-1.4.0.jar:/Users/richardgillespie/.m2/repository/org/jetbrains/kotlin/kotlin-stdlib/1.4.10/kotlin-stdlib-1.4.10.jar:/Users/richardgillespie/.m2/repository/org/jetbrains/annotations/13.0/annotations-13.0.jar:/Users/richardgillespie/.m2/repository/com/squareup/okhttp3/logging-interceptor/4.9.0/logging-interceptor-4.9.0.jar:/Users/richardgillespie/.m2/repository/org/jetbrains/kotlin/kotlin-stdlib-jdk8/1.4.10/kotlin-stdlib-jdk8-1.4.10.jar:/Users/richardgillespie/.m2/repository/org/jetbrains/kotlin/kotlin-stdlib-jdk7/1.4.10/kotlin-stdlib-jdk7-1.4.10.jar:/Users/richardgillespie/.m2/repository/io/reactivex/rxjava2/rxjava/2.2.2/rxjava-2.2.2.jar:/Users/richardgillespie/.m2/repository/org/java-websocket/Java-WebSocket/1.5.2/Java-WebSocket-1.5.2.jar:/Users/richardgillespie/.m2/repository/com/fasterxml/jackson/core/jackson-databind/2.10.0/jackson-databind-2.10.0.jar:/Users/richardgillespie/.m2/repository/com/fasterxml/jackson/core/jackson-annotations/2.10.0/jackson-annotations-2.10.0.jar:/Users/richardgillespie/.m2/repository/org/json/json/20210307/json-20210307.jar:/Users/richardgillespie/.m2/repository/org/codehaus/groovy/groovy/3.0.9/groovy-3.0.9.jar:/Users/richardgillespie/.m2/repository/org/reflections/reflections/0.10.2/reflections-0.10.2.jar:/Users/richardgillespie/.m2/repository/org/javassist/javassist/3.28.0-GA/javassist-3.28.0-GA.jar:/Users/richardgillespie/.m2/repository/com/google/code/findbugs/jsr305/3.0.2/jsr305-3.0.2.jar:/Users/richardgillespie/.m2/repository/org/junit/jupiter/junit-jupiter-api/5.8.2/junit-jupiter-api-5.8.2.jar:/Users/richardgillespie/.m2/repository/org/opentest4j/opentest4j/1.2.0/opentest4j-1.2.0.jar:/Users/richardgillespie/.m2/repository/org/junit/platform/junit-platform-commons/1.8.2/junit-platform-commons-1.8.2.jar:/Users/richardgillespie/.m2/repository/org/apiguardian/apiguardian-api/1.1.2/apiguardian-api-1.1.2.jar:/Users/richardgillespie/.m2/repository/org/junit/jupiter/junit-jupiter-engine/5.8.2/junit-jupiter-engine-5.8.2.jar:/Users/richardgillespie/.m2/repository/org/junit/platform/junit-platform-engine/1.8.2/junit-platform-engine-1.8.2.jar:"/>
    <property name="java.vm.vendor" value="Homebrew"/>
    <property name="sun.arch.data.model" value="64"/>
    <property name="java.vendor.url" value="https://github.com/Homebrew/homebrew-core/issues"/>
    <property name="user.timezone" value="America/New_York"/>
    <property name="os.name" value="Mac OS X"/>
    <property name="java.vm.specification.version" value="23"/>
    <property name="sun.java.launcher" value="SUN_STANDARD"/>
    <property name="user.country" value="US"/>
    <property name="sun.boot.library.path" value="/opt/homebrew/Cellar/openjdk/23.0.2/libexec/openjdk.jdk/Contents/Home/lib"/>
    <property name="sun.java.command" value="/Users/richardgillespie/Documents/cursor/safeAI/safeAI-plugin/target/surefire/surefirebooter16725631128865214828.jar /Users/richardgillespie/Documents/cursor/safeAI/safeAI-plugin/target/surefire 2025-03-24T07-16-43_086-jvmRun1 surefire7687758434768729858tmp surefire_011487065463800889132tmp"/>
    <property name="http.nonProxyHosts" value="local|*.local|169.254/16|*.169.254/16"/>
    <property name="jdk.debug" value="release"/>
    <property name="surefire.test.class.path" value="/Users/richardgillespie/Documents/cursor/safeAI/safeAI-plugin/target/test-classes:/Users/richardgillespie/Documents/cursor/safeAI/safeAI-plugin/target/classes:/Users/richardgillespie/.m2/repository/org/neo4j/neo4j/5.9.0/neo4j-5.9.0.jar:/Users/richardgillespie/.m2/repository/org/neo4j/annotations/5.9.0/annotations-5.9.0.jar:/Users/richardgillespie/.m2/repository/org/apache/commons/commons-lang3/3.12.0/commons-lang3-3.12.0.jar:/Users/richardgillespie/.m2/repository/org/neo4j/neo4j-fabric/5.9.0/neo4j-fabric-5.9.0.jar:/Users/richardgillespie/.m2/repository/org/neo4j/neo4j-front-end/5.9.0/neo4j-front-end-5.9.0.jar:/Users/richardgillespie/.m2/repository/org/neo4j/neo4j-expressions/5.9.0/neo4j-expressions-5.9.0.jar:/Users/richardgillespie/.m2/repository/org/neo4j/neo4j-cypher-macros/5.9.0/neo4j-cypher-macros-5.9.0.jar:/Users/richardgillespie/.m2/repository/org/scala-lang/scala-reflect/2.13.10/scala-reflect-2.13.10.jar:/Users/richardgillespie/.m2/repository/org/neo4j/neo4j-query-router/5.9.0/neo4j-query-router-5.9.0.jar:/Users/richardgillespie/.m2/repository/org/neo4j/neo4j-procedure/5.9.0/neo4j-procedure-5.9.0.jar:/Users/richardgillespie/.m2/repository/org/neo4j/neo4j-codegen/5.9.0/neo4j-codegen-5.9.0.jar:/Users/richardgillespie/.m2/repository/org/ow2/asm/asm/9.5/asm-9.5.jar:/Users/richardgillespie/.m2/repository/org/ow2/asm/asm-util/9.5/asm-util-9.5.jar:/Users/richardgillespie/.m2/repository/org/ow2/asm/asm-analysis/9.5/asm-analysis-9.5.jar:/Users/richardgillespie/.m2/repository/org/ow2/asm/asm-tree/9.5/asm-tree-9.5.jar:/Users/richardgillespie/.m2/repository/org/neo4j/neo4j-cypher-expression-evaluator/5.9.0/neo4j-cypher-expression-evaluator-5.9.0.jar:/Users/richardgillespie/.m2/repository/org/neo4j/neo4j-ast/5.9.0/neo4j-ast-5.9.0.jar:/Users/richardgillespie/.m2/repository/org/neo4j/neo4j-cypher-ast-factory/5.9.0/neo4j-cypher-ast-factory-5.9.0.jar:/Users/richardgillespie/.m2/repository/org/neo4j/cypher-ast-factory/5.9.0/cypher-ast-factory-5.9.0.jar:/Users/richardgillespie/.m2/repository/org/neo4j/neo4j-lucene-index/5.9.0/neo4j-lucene-index-5.9.0.jar:/Users/richardgillespie/.m2/repository/org/neo4j/neo4j-resource/5.9.0/neo4j-resource-5.9.0.jar:/Users/richardgillespie/.m2/repository/org/apache/lucene/lucene-analysis-common/9.6.0/lucene-analysis-common-9.6.0.jar:/Users/richardgillespie/.m2/repository/org/apache/lucene/lucene-core/9.6.0/lucene-core-9.6.0.jar:/Users/richardgillespie/.m2/repository/org/apache/lucene/lucene-queryparser/9.6.0/lucene-queryparser-9.6.0.jar:/Users/richardgillespie/.m2/repository/org/apache/lucene/lucene-backward-codecs/9.6.0/lucene-backward-codecs-9.6.0.jar:/Users/richardgillespie/.m2/repository/org/neo4j/neo4j-fulltext-index/5.9.0/neo4j-fulltext-index-5.9.0.jar:/Users/richardgillespie/.m2/repository/org/neo4j/neo4j-graph-algo/5.9.0/neo4j-graph-algo-5.9.0.jar:/Users/richardgillespie/.m2/repository/org/neo4j/neo4j-cypher-runtime-util/5.9.0/neo4j-cypher-runtime-util-5.9.0.jar:/Users/richardgillespie/.m2/repository/org/neo4j/neo4j-cypher-logical-plans/5.9.0/neo4j-cypher-logical-plans-5.9.0.jar:/Users/richardgillespie/.m2/repository/org/neo4j/neo4j-data-collector/5.9.0/neo4j-data-collector-5.9.0.jar:/Users/richardgillespie/.m2/repository/org/neo4j/neo4j-cypher-planner/5.9.0/neo4j-cypher-planner-5.9.0.jar:/Users/richardgillespie/.m2/repository/org/apache/commons/commons-math3/3.6.1/commons-math3-3.6.1.jar:/Users/richardgillespie/.m2/repository/org/scala-lang/modules/scala-collection-contrib_2.13/0.3.0/scala-collection-contrib_2.13-0.3.0.jar:/Users/richardgillespie/.m2/repository/org/neo4j/neo4j-cypher-ir/5.9.0/neo4j-cypher-ir-5.9.0.jar:/Users/richardgillespie/.m2/repository/org/neo4j/neo4j-cypher-javacc-parser/5.9.0/neo4j-cypher-javacc-parser-5.9.0.jar:/Users/richardgillespie/.m2/repository/org/neo4j/neo4j-rewriting/5.9.0/neo4j-rewriting-5.9.0.jar:/Users/richardgillespie/.m2/repository/org/neo4j/neo4j-cypher/5.9.0/neo4j-cypher-5.9.0.jar:/Users/richardgillespie/.m2/repository/org/scala-lang/scala-library/2.13.10/scala-library-2.13.10.jar:/Users/richardgillespie/.m2/repository/org/neo4j/neo4j-cypher-physical-planning/5.9.0/neo4j-cypher-physical-planning-5.9.0.jar:/Users/richardgillespie/.m2/repository/org/neo4j/neo4j-exceptions/5.9.0/neo4j-exceptions-5.9.0.jar:/Users/richardgillespie/.m2/repository/org/neo4j/neo4j-util/5.9.0/neo4j-util-5.9.0.jar:/Users/richardgillespie/.m2/repository/org/neo4j/neo4j-cypher-config/5.9.0/neo4j-cypher-config-5.9.0.jar:/Users/richardgillespie/.m2/repository/com/propensive/magnolia_2.13/0.17.0/magnolia_2.13-0.17.0.jar:/Users/richardgillespie/.m2/repository/com/propensive/mercator_2.13/0.2.1/mercator_2.13-0.2.1.jar:/Users/richardgillespie/.m2/repository/org/neo4j/neo4j-cypher-cache/5.9.0/neo4j-cypher-cache-5.9.0.jar:/Users/richardgillespie/.m2/repository/org/neo4j/neo4j-cypher-planner-spi/5.9.0/neo4j-cypher-planner-spi-5.9.0.jar:/Users/richardgillespie/.m2/repository/org/neo4j/neo4j-cypher-interpreted-runtime/5.9.0/neo4j-cypher-interpreted-runtime-5.9.0.jar:/Users/richardgillespie/.m2/repository/org/neo4j/neo4j-cypher-slotted-runtime/5.9.0/neo4j-cypher-slotted-runtime-5.9.0.jar:/Users/richardgillespie/.m2/repository/org/apache/shiro/shiro-core/1.11.0/shiro-core-1.11.0.jar:/Users/richardgillespie/.m2/repository/org/apache/shiro/shiro-lang/1.11.0/shiro-lang-1.11.0.jar:/Users/richardgillespie/.m2/repository/org/apache/shiro/shiro-cache/1.11.0/shiro-cache-1.11.0.jar:/Users/richardgillespie/.m2/repository/org/apache/shiro/shiro-crypto-hash/1.11.0/shiro-crypto-hash-1.11.0.jar:/Users/richardgillespie/.m2/repository/org/apache/shiro/shiro-crypto-core/1.11.0/shiro-crypto-core-1.11.0.jar:/Users/richardgillespie/.m2/repository/org/apache/shiro/shiro-crypto-cipher/1.11.0/shiro-crypto-cipher-1.11.0.jar:/Users/richardgillespie/.m2/repository/org/apache/shiro/shiro-config-core/1.11.0/shiro-config-core-1.11.0.jar:/Users/richardgillespie/.m2/repository/org/apache/shiro/shiro-config-ogdl/1.11.0/shiro-config-ogdl-1.11.0.jar:/Users/richardgillespie/.m2/repository/commons-beanutils/commons-beanutils/1.9.4/commons-beanutils-1.9.4.jar:/Users/richardgillespie/.m2/repository/commons-collections/commons-collections/3.2.2/commons-collections-3.2.2.jar:/Users/richardgillespie/.m2/repository/org/apache/shiro/shiro-event/1.11.0/shiro-event-1.11.0.jar:/Users/richardgillespie/.m2/repository/org/bitbucket/inkytonik/kiama/kiama_2.13/2.5.0/kiama_2.13-2.5.0.jar:/Users/richardgillespie/.m2/repository/org/neo4j/neo4j-security/5.9.0/neo4j-security-5.9.0.jar:/Users/richardgillespie/.m2/repository/org/neo4j/neo4j-command-line/5.9.0/neo4j-command-line-5.9.0.jar:/Users/richardgillespie/.m2/repository/info/picocli/picocli/4.7.3/picocli-4.7.3.jar:/Users/richardgillespie/.m2/repository/org/slf4j/slf4j-nop/2.0.7/slf4j-nop-2.0.7.jar:/Users/richardgillespie/.m2/repository/org/neo4j/neo4j-bolt/5.9.0/neo4j-bolt-5.9.0.jar:/Users/richardgillespie/.m2/repository/org/neo4j/neo4j-ssl/5.9.0/neo4j-ssl-5.9.0.jar:/Users/richardgillespie/.m2/repository/org/neo4j/server-api/5.9.0/server-api-5.9.0.jar:/Users/richardgillespie/.m2/repository/jakarta/ws/rs/jakarta.ws.rs-api/2.1.6/jakarta.ws.rs-api-2.1.6.jar:/Users/richardgillespie/.m2/repository/io/netty/netty-codec-http/4.1.92.Final/netty-codec-http-4.1.92.Final.jar:/Users/richardgillespie/.m2/repository/io/netty/netty-transport-native-epoll/4.1.92.Final/netty-transport-native-epoll-4.1.92.Final-linux-x86_64.jar:/Users/richardgillespie/.m2/repository/io/netty/netty-transport-classes-epoll/4.1.92.Final/netty-transport-classes-epoll-4.1.92.Final.jar:/Users/richardgillespie/.m2/repository/io/netty/netty-transport-native-epoll/4.1.92.Final/netty-transport-native-epoll-4.1.92.Final-linux-aarch_64.jar:/Users/richardgillespie/.m2/repository/io/netty/netty-transport-native-kqueue/4.1.92.Final/netty-transport-native-kqueue-4.1.92.Final-osx-x86_64.jar:/Users/richardgillespie/.m2/repository/io/netty/netty-transport-classes-kqueue/4.1.92.Final/netty-transport-classes-kqueue-4.1.92.Final.jar:/Users/richardgillespie/.m2/repository/io/netty/netty-transport-native-kqueue/4.1.92.Final/netty-transport-native-kqueue-4.1.92.Final-osx-aarch_64.jar:/Users/richardgillespie/.m2/repository/org/neo4j/neo4j-consistency-check/5.9.0/neo4j-consistency-check-5.9.0.jar:/Users/richardgillespie/.m2/repository/org/neo4j/neo4j-record-storage-engine/5.9.0/neo4j-record-storage-engine-5.9.0.jar:/Users/richardgillespie/.m2/repository/commons-io/commons-io/2.11.0/commons-io-2.11.0.jar:/Users/richardgillespie/.m2/repository/org/neo4j/neo4j-dbms/5.9.0/neo4j-dbms-5.9.0.jar:/Users/richardgillespie/.m2/repository/org/jprocesses/jProcesses/1.6.5/jProcesses-1.6.5.jar:/Users/richardgillespie/.m2/repository/com/profesorfalken/WMI4Java/1.6.3/WMI4Java-1.6.3.jar:/Users/richardgillespie/.m2/repository/com/profesorfalken/jPowerShell/3.0/jPowerShell-3.0.jar:/Users/richardgillespie/.m2/repository/org/apache/commons/commons-compress/1.23.0/commons-compress-1.23.0.jar:/Users/richardgillespie/.m2/repository/org/apache/commons/commons-text/1.10.0/commons-text-1.10.0.jar:/Users/richardgillespie/.m2/repository/org/apache/commons/commons-configuration2/2.9.0/commons-configuration2-2.9.0.jar:/Users/richardgillespie/.m2/repository/org/neo4j/licensing-proxy/zstd-proxy/5.9.0/zstd-proxy-5.9.0.jar:/Users/richardgillespie/.m2/repository/com/github/luben/zstd-jni/1.5.5-2/zstd-jni-1.5.5-2.jar:/Users/richardgillespie/.m2/repository/org/neo4j/neo4j-import-tool/5.9.0/neo4j-import-tool-5.9.0.jar:/Users/richardgillespie/.m2/repository/org/neo4j/app/neo4j-server/5.9.0/neo4j-server-5.9.0.jar:/Users/richardgillespie/.m2/repository/org/eclipse/jetty/jetty-server/9.4.51.v20230217/jetty-server-9.4.51.v20230217.jar:/Users/richardgillespie/.m2/repository/javax/servlet/javax.servlet-api/3.1.0/javax.servlet-api-3.1.0.jar:/Users/richardgillespie/.m2/repository/org/eclipse/jetty/jetty-http/9.4.51.v20230217/jetty-http-9.4.51.v20230217.jar:/Users/richardgillespie/.m2/repository/org/eclipse/jetty/jetty-util/9.4.51.v20230217/jetty-util-9.4.51.v20230217.jar:/Users/richardgillespie/.m2/repository/org/eclipse/jetty/jetty-io/9.4.51.v20230217/jetty-io-9.4.51.v20230217.jar:/Users/richardgillespie/.m2/repository/org/eclipse/jetty/jetty-webapp/9.4.51.v20230217/jetty-webapp-9.4.51.v20230217.jar:/Users/richardgillespie/.m2/repository/org/eclipse/jetty/jetty-xml/9.4.51.v20230217/jetty-xml-9.4.51.v20230217.jar:/Users/richardgillespie/.m2/repository/org/eclipse/jetty/jetty-servlet/9.4.51.v20230217/jetty-servlet-9.4.51.v20230217.jar:/Users/richardgillespie/.m2/repository/org/eclipse/jetty/jetty-security/9.4.51.v20230217/jetty-security-9.4.51.v20230217.jar:/Users/richardgillespie/.m2/repository/org/eclipse/jetty/jetty-util-ajax/9.4.51.v20230217/jetty-util-ajax-9.4.51.v20230217.jar:/Users/richardgillespie/.m2/repository/org/glassfish/jersey/inject/jersey-hk2/2.34/jersey-hk2-2.34.jar:/Users/richardgillespie/.m2/repository/org/glassfish/jersey/core/jersey-common/2.34/jersey-common-2.34.jar:/Users/richardgillespie/.m2/repository/jakarta/annotation/jakarta.annotation-api/1.3.5/jakarta.annotation-api-1.3.5.jar:/Users/richardgillespie/.m2/repository/org/glassfish/hk2/external/jakarta.inject/2.6.1/jakarta.inject-2.6.1.jar:/Users/richardgillespie/.m2/repository/org/glassfish/hk2/hk2-locator/2.6.1/hk2-locator-2.6.1.jar:/Users/richardgillespie/.m2/repository/org/glassfish/hk2/hk2-api/2.6.1/hk2-api-2.6.1.jar:/Users/richardgillespie/.m2/repository/org/glassfish/hk2/hk2-utils/2.6.1/hk2-utils-2.6.1.jar:/Users/richardgillespie/.m2/repository/org/glassfish/jersey/containers/jersey-container-servlet/2.34/jersey-container-servlet-2.34.jar:/Users/richardgillespie/.m2/repository/org/glassfish/jersey/containers/jersey-container-servlet-core/2.34/jersey-container-servlet-core-2.34.jar:/Users/richardgillespie/.m2/repository/org/glassfish/jersey/core/jersey-server/2.34/jersey-server-2.34.jar:/Users/richardgillespie/.m2/repository/org/glassfish/jersey/core/jersey-client/2.34/jersey-client-2.34.jar:/Users/richardgillespie/.m2/repository/jakarta/validation/jakarta.validation-api/2.0.2/jakarta.validation-api-2.0.2.jar:/Users/richardgillespie/.m2/repository/commons-logging/commons-logging/1.2/commons-logging-1.2.jar:/Users/richardgillespie/.m2/repository/com/fasterxml/jackson/core/jackson-core/2.15.0/jackson-core-2.15.0.jar:/Users/richardgillespie/.m2/repository/com/fasterxml/jackson/jaxrs/jackson-jaxrs-json-provider/2.15.0/jackson-jaxrs-json-provider-2.15.0.jar:/Users/richardgillespie/.m2/repository/com/fasterxml/jackson/jaxrs/jackson-jaxrs-base/2.15.0/jackson-jaxrs-base-2.15.0.jar:/Users/richardgillespie/.m2/repository/com/fasterxml/jackson/module/jackson-module-jaxb-annotations/2.15.0/jackson-module-jaxb-annotations-2.15.0.jar:/Users/richardgillespie/.m2/repository/org/glassfish/jaxb/jaxb-runtime/2.3.2/jaxb-runtime-2.3.2.jar:/Users/richardgillespie/.m2/repository/org/glassfish/jaxb/txw2/2.3.2/txw2-2.3.2.jar:/Users/richardgillespie/.m2/repository/com/sun/istack/istack-commons-runtime/3.0.8/istack-commons-runtime-3.0.8.jar:/Users/richardgillespie/.m2/repository/org/jvnet/staxex/stax-ex/1.8.1/stax-ex-1.8.1.jar:/Users/richardgillespie/.m2/repository/com/sun/xml/fastinfoset/FastInfoset/1.2.16/FastInfoset-1.2.16.jar:/Users/richardgillespie/.m2/repository/jakarta/activation/jakarta.activation-api/1.2.1/jakarta.activation-api-1.2.1.jar:/Users/richardgillespie/.m2/repository/jakarta/xml/bind/jakarta.xml.bind-api/2.3.2/jakarta.xml.bind-api-2.3.2.jar:/Users/richardgillespie/.m2/repository/org/neo4j/neo4j-capabilities/5.9.0/neo4j-capabilities-5.9.0.jar:/Users/richardgillespie/.m2/repository/org/neo4j/neo4j-kernel/5.9.0/neo4j-kernel-5.9.0.jar:/Users/richardgillespie/.m2/repository/org/neo4j/neo4j-native/5.9.0/neo4j-native-5.9.0.jar:/Users/richardgillespie/.m2/repository/net/java/dev/jna/jna/5.13.0/jna-5.13.0.jar:/Users/richardgillespie/.m2/repository/org/neo4j/neo4j-graphdb-api/5.9.0/neo4j-graphdb-api-5.9.0.jar:/Users/richardgillespie/.m2/repository/org/neo4j/neo4j-kernel-api/5.9.0/neo4j-kernel-api-5.9.0.jar:/Users/richardgillespie/.m2/repository/org/neo4j/neo4j-monitoring/5.9.0/neo4j-monitoring-5.9.0.jar:/Users/richardgillespie/.m2/repository/org/neo4j/neo4j-diagnostics/5.9.0/neo4j-diagnostics-5.9.0.jar:/Users/richardgillespie/.m2/repository/org/neo4j/neo4j-schema/5.9.0/neo4j-schema-5.9.0.jar:/Users/richardgillespie/.m2/repository/org/neo4j/neo4j-lock/5.9.0/neo4j-lock-5.9.0.jar:/Users/richardgillespie/.m2/repository/org/neo4j/neo4j-token-api/5.9.0/neo4j-token-api-5.9.0.jar:/Users/richardgillespie/.m2/repository/org/neo4j/neo4j-storage-engine-util/5.9.0/neo4j-storage-engine-util-5.9.0.jar:/Users/richardgillespie/.m2/repository/org/neo4j/neo4j-common/5.9.0/neo4j-common-5.9.0.jar:/Users/richardgillespie/.m2/repository/org/lz4/lz4-java/1.8.0/lz4-java-1.8.0.jar:/Users/richardgillespie/.m2/repository/org/neo4j/neo4j-values/5.9.0/neo4j-values-5.9.0.jar:/Users/richardgillespie/.m2/repository/org/neo4j/neo4j-unsafe/5.9.0/neo4j-unsafe-5.9.0.jar:/Users/richardgillespie/.m2/repository/org/neo4j/neo4j-collections/5.9.0/neo4j-collections-5.9.0.jar:/Users/richardgillespie/.m2/repository/com/github/ben-manes/caffeine/caffeine/3.1.6/caffeine-3.1.6.jar:/Users/richardgillespie/.m2/repository/org/neo4j/neo4j-io/5.9.0/neo4j-io-5.9.0.jar:/Users/richardgillespie/.m2/repository/org/neo4j/neo4j-concurrent/5.9.0/neo4j-concurrent-5.9.0.jar:/Users/richardgillespie/.m2/repository/org/neo4j/neo4j-logging/5.9.0/neo4j-logging-5.9.0.jar:/Users/richardgillespie/.m2/repository/org/codehaus/jettison/jettison/1.5.4/jettison-1.5.4.jar:/Users/richardgillespie/.m2/repository/org/apache/logging/log4j/log4j-layout-template-json/2.20.0/log4j-layout-template-json-2.20.0.jar:/Users/richardgillespie/.m2/repository/org/neo4j/neo4j-configuration/5.9.0/neo4j-configuration-5.9.0.jar:/Users/richardgillespie/.m2/repository/com/github/seancfoley/ipaddress/5.4.0/ipaddress-5.4.0.jar:/Users/richardgillespie/.m2/repository/org/neo4j/neo4j-layout/5.9.0/neo4j-layout-5.9.0.jar:/Users/richardgillespie/.m2/repository/org/neo4j/neo4j-index/5.9.0/neo4j-index-5.9.0.jar:/Users/richardgillespie/.m2/repository/org/neo4j/neo4j-spatial-index/5.9.0/neo4j-spatial-index-5.9.0.jar:/Users/richardgillespie/.m2/repository/org/neo4j/neo4j-id-generator/5.9.0/neo4j-id-generator-5.9.0.jar:/Users/richardgillespie/.m2/repository/org/neo4j/neo4j-wal/5.9.0/neo4j-wal-5.9.0.jar:/Users/richardgillespie/.m2/repository/org/neo4j/neo4j-import-util/5.9.0/neo4j-import-util-5.9.0.jar:/Users/richardgillespie/.m2/repository/org/neo4j/neo4j-csv/5.9.0/neo4j-csv-5.9.0.jar:/Users/richardgillespie/.m2/repository/org/eclipse/collections/eclipse-collections/11.1.0/eclipse-collections-11.1.0.jar:/Users/richardgillespie/.m2/repository/org/eclipse/collections/eclipse-collections-api/11.1.0/eclipse-collections-api-11.1.0.jar:/Users/richardgillespie/.m2/repository/org/jctools/jctools-core/4.0.1/jctools-core-4.0.1.jar:/Users/richardgillespie/.m2/repository/org/neo4j/neo4j-procedure-api/5.9.0/neo4j-procedure-api-5.9.0.jar:/Users/richardgillespie/.m2/repository/org/neo4j/driver/neo4j-java-driver/5.9.0/neo4j-java-driver-5.9.0.jar:/Users/richardgillespie/.m2/repository/org/reactivestreams/reactive-streams/1.0.4/reactive-streams-1.0.4.jar:/Users/richardgillespie/.m2/repository/io/netty/netty-handler/4.1.93.Final/netty-handler-4.1.93.Final.jar:/Users/richardgillespie/.m2/repository/io/netty/netty-common/4.1.93.Final/netty-common-4.1.93.Final.jar:/Users/richardgillespie/.m2/repository/io/netty/netty-resolver/4.1.93.Final/netty-resolver-4.1.93.Final.jar:/Users/richardgillespie/.m2/repository/io/netty/netty-buffer/4.1.93.Final/netty-buffer-4.1.93.Final.jar:/Users/richardgillespie/.m2/repository/io/netty/netty-transport/4.1.93.Final/netty-transport-4.1.93.Final.jar:/Users/richardgillespie/.m2/repository/io/netty/netty-transport-native-unix-common/4.1.93.Final/netty-transport-native-unix-common-4.1.93.Final.jar:/Users/richardgillespie/.m2/repository/io/netty/netty-codec/4.1.93.Final/netty-codec-4.1.93.Final.jar:/Users/richardgillespie/.m2/repository/io/netty/netty-tcnative-classes/2.0.61.Final/netty-tcnative-classes-2.0.61.Final.jar:/Users/richardgillespie/.m2/repository/io/projectreactor/reactor-core/3.5.6/reactor-core-3.5.6.jar:/Users/richardgillespie/.m2/repository/org/apache/logging/log4j/log4j-api/2.17.1/log4j-api-2.17.1.jar:/Users/richardgillespie/.m2/repository/org/apache/logging/log4j/log4j-core/2.17.1/log4j-core-2.17.1.jar:/Users/richardgillespie/.m2/repository/org/slf4j/slf4j-api/1.7.36/slf4j-api-1.7.36.jar:/Users/richardgillespie/.m2/repository/org/bouncycastle/bcprov-jdk15on/1.68/bcprov-jdk15on-1.68.jar:/Users/richardgillespie/.m2/repository/org/web3j/core/4.9.0/core-4.9.0.jar:/Users/richardgillespie/.m2/repository/org/web3j/abi/4.9.0/abi-4.9.0.jar:/Users/richardgillespie/.m2/repository/org/web3j/utils/4.9.0/utils-4.9.0.jar:/Users/richardgillespie/.m2/repository/org/web3j/crypto/4.9.0/crypto-4.9.0.jar:/Users/richardgillespie/.m2/repository/org/web3j/rlp/4.9.0/rlp-4.9.0.jar:/Users/richardgillespie/.m2/repository/org/web3j/tuples/4.9.0/tuples-4.9.0.jar:/Users/richardgillespie/.m2/repository/com/github/jnr/jnr-unixsocket/0.38.17/jnr-unixsocket-0.38.17.jar:/Users/richardgillespie/.m2/repository/com/github/jnr/jnr-ffi/2.2.11/jnr-ffi-2.2.11.jar:/Users/richardgillespie/.m2/repository/com/github/jnr/jffi/1.3.9/jffi-1.3.9.jar:/Users/richardgillespie/.m2/repository/com/github/jnr/jffi/1.3.9/jffi-1.3.9-native.jar:/Users/richardgillespie/.m2/repository/org/ow2/asm/asm-commons/9.2/asm-commons-9.2.jar:/Users/richardgillespie/.m2/repository/com/github/jnr/jnr-a64asm/1.0.0/jnr-a64asm-1.0.0.jar:/Users/richardgillespie/.m2/repository/com/github/jnr/jnr-x86asm/1.0.2/jnr-x86asm-1.0.2.jar:/Users/richardgillespie/.m2/repository/com/github/jnr/jnr-constants/0.10.3/jnr-constants-0.10.3.jar:/Users/richardgillespie/.m2/repository/com/github/jnr/jnr-enxio/0.32.13/jnr-enxio-0.32.13.jar:/Users/richardgillespie/.m2/repository/com/github/jnr/jnr-posix/3.1.15/jnr-posix-3.1.15.jar:/Users/richardgillespie/.m2/repository/com/squareup/okhttp3/okhttp/4.9.0/okhttp-4.9.0.jar:/Users/richardgillespie/.m2/repository/com/squareup/okio/okio/2.8.0/okio-2.8.0.jar:/Users/richardgillespie/.m2/repository/org/jetbrains/kotlin/kotlin-stdlib-common/1.4.0/kotlin-stdlib-common-1.4.0.jar:/Users/richardgillespie/.m2/repository/org/jetbrains/kotlin/kotlin-stdlib/1.4.10/kotlin-stdlib-1.4.10.jar:/Users/richardgillespie/.m2/repository/org/jetbrains/annotations/13.0/annotations-13.0.jar:/Users/richardgillespie/.m2/repository/com/squareup/okhttp3/logging-interceptor/4.9.0/logging-interceptor-4.9.0.jar:/Users/richardgillespie/.m2/repository/org/jetbrains/kotlin/kotlin-stdlib-jdk8/1.4.10/kotlin-stdlib-jdk8-1.4.10.jar:/Users/richardgillespie/.m2/repository/org/jetbrains/kotlin/kotlin-stdlib-jdk7/1.4.10/kotlin-stdlib-jdk7-1.4.10.jar:/Users/richardgillespie/.m2/repository/io/reactivex/rxjava2/rxjava/2.2.2/rxjava-2.2.2.jar:/Users/richardgillespie/.m2/repository/org/java-websocket/Java-WebSocket/1.5.2/Java-WebSocket-1.5.2.jar:/Users/richardgillespie/.m2/repository/com/fasterxml/jackson/core/jackson-databind/2.10.0/jackson-databind-2.10.0.jar:/Users/richardgillespie/.m2/repository/com/fasterxml/jackson/core/jackson-annotations/2.10.0/jackson-annotations-2.10.0.jar:/Users/richardgillespie/.m2/repository/org/json/json/20210307/json-20210307.jar:/Users/richardgillespie/.m2/repository/org/codehaus/groovy/groovy/3.0.9/groovy-3.0.9.jar:/Users/richardgillespie/.m2/repository/org/reflections/reflections/0.10.2/reflections-0.10.2.jar:/Users/richardgillespie/.m2/repository/org/javassist/javassist/3.28.0-GA/javassist-3.28.0-GA.jar:/Users/richardgillespie/.m2/repository/com/google/code/findbugs/jsr305/3.0.2/jsr305-3.0.2.jar:/Users/richardgillespie/.m2/repository/org/junit/jupiter/junit-jupiter-api/5.8.2/junit-jupiter-api-5.8.2.jar:/Users/richardgillespie/.m2/repository/org/opentest4j/opentest4j/1.2.0/opentest4j-1.2.0.jar:/Users/richardgillespie/.m2/repository/org/junit/platform/junit-platform-commons/1.8.2/junit-platform-commons-1.8.2.jar:/Users/richardgillespie/.m2/repository/org/apiguardian/apiguardian-api/1.1.2/apiguardian-api-1.1.2.jar:/Users/richardgillespie/.m2/repository/org/junit/jupiter/junit-jupiter-engine/5.8.2/junit-jupiter-engine-5.8.2.jar:/Users/richardgillespie/.m2/repository/org/junit/platform/junit-platform-engine/1.8.2/junit-platform-engine-1.8.2.jar:"/>
    <property name="sun.cpu.endian" value="little"/>
    <property name="user.home" value="/Users/richardgillespie"/>
    <property name="user.language" value="en"/>
    <property name="java.specification.vendor" value="Oracle Corporation"/>
    <property name="java.version.date" value="2025-01-21"/>
    <property name="java.home" value="/opt/homebrew/Cellar/openjdk/23.0.2/libexec/openjdk.jdk/Contents/Home"/>
    <property name="file.separator" value="/"/>
    <property name="basedir" value="/Users/richardgillespie/Documents/cursor/safeAI/safeAI-plugin"/>
    <property name="java.vm.compressedOopsMode" value="Zero based"/>
    <property name="line.separator" value="&#10;"/>
    <property name="java.vm.specification.vendor" value="Oracle Corporation"/>
    <property name="java.specification.name" value="Java Platform API Specification"/>
    <property name="apple.awt.application.name" value="ForkedBooter"/>
    <property name="surefire.real.class.path" value="/Users/richardgillespie/Documents/cursor/safeAI/safeAI-plugin/target/surefire/surefirebooter16725631128865214828.jar"/>
    <property name="sun.management.compiler" value="HotSpot 64-Bit Tiered Compilers"/>
    <property name="ftp.nonProxyHosts" value="local|*.local|169.254/16|*.169.254/16"/>
    <property name="java.runtime.version" value="23.0.2"/>
    <property name="user.name" value="richardgillespie"/>
    <property name="stdout.encoding" value="UTF-8"/>
    <property name="path.separator" value=":"/>
    <property name="os.version" value="15.3.2"/>
    <property name="java.runtime.name" value="OpenJDK Runtime Environment"/>
    <property name="file.encoding" value="UTF-8"/>
    <property name="java.vm.name" value="OpenJDK 64-Bit Server VM"/>
    <property name="java.vendor.version" value="Homebrew"/>
    <property name="localRepository" value="/Users/richardgillespie/.m2/repository"/>
    <property name="java.vendor.url.bug" value="https://github.com/Homebrew/homebrew-core/issues"/>
    <property name="java.io.tmpdir" value="/var/folders/5x/j3fn3d2d5x7gtdyc46rk487h0000gn/T/"/>
    <property name="java.version" value="23.0.2"/>
    <property name="user.dir" value="/Users/richardgillespie/Documents/cursor/safeAI/safeAI-plugin"/>
    <property name="os.arch" value="aarch64"/>
    <property name="java.vm.specification.name" value="Java Virtual Machine Specification"/>
    <property name="native.encoding" value="UTF-8"/>
    <property name="java.library.path" value="/Users/richardgillespie/Library/Java/Extensions:/Library/Java/Extensions:/Network/Library/Java/Extensions:/System/Library/Java/Extensions:/usr/lib/java:."/>
    <property name="java.vm.info" value="mixed mode, sharing"/>
    <property name="stderr.encoding" value="UTF-8"/>
    <property name="java.vendor" value="Homebrew"/>
    <property name="java.vm.version" value="23.0.2"/>
    <property name="sun.io.unicode.encoding" value="UnicodeBig"/>
    <property name="socksNonProxyHosts" value="local|*.local|169.254/16|*.169.254/16"/>
    <property name="java.class.version" value="67.0"/>
  </properties>
  <testcase name="testBlockchainConnection" classname="com.safeai.neo4jplugin.BlockchainModuleTest" time="0.003"/>
  <testcase name="testBlockchainOperations" classname="com.safeai.neo4jplugin.BlockchainModuleTest" time="0.004"/>
</testsuite>